<?xml version="1.0" encoding="UTF-8"?>
<testng-results skipped="0" failed="0" ignored="0" total="3" passed="3">
  <reporter-output>
  </reporter-output>
  <suite name="Default suite" duration-ms="220651" started-at="2018-07-24T11:12:37Z" finished-at="2018-07-24T11:16:18Z">
    <groups>
    </groups>
    <test name="Default test" duration-ms="220651" started-at="2018-07-24T11:12:37Z" finished-at="2018-07-24T11:16:18Z">
      <class name="NewTest">
        <test-method status="PASS" signature="UninstallApp()[pri:0, instance:NewTest@4fba8eec]" name="UninstallApp" duration-ms="16" started-at="2018-07-24T11:12:37Z" finished-at="2018-07-24T11:12:37Z">
          <reporter-output>
          </reporter-output>
        </test-method> <!-- UninstallApp -->
        <test-method status="PASS" signature="Launching()[pri:1, instance:NewTest@4fba8eec]" name="Launching" duration-ms="166065" started-at="2018-07-24T11:12:37Z" finished-at="2018-07-24T11:15:23Z">
          <reporter-output>
          </reporter-output>
        </test-method> <!-- Launching -->
        <test-method status="PASS" signature="OpenedSession()[pri:2, instance:NewTest@4fba8eec]" name="OpenedSession" duration-ms="54510" started-at="2018-07-24T11:15:23Z" finished-at="2018-07-24T11:16:18Z">
          <reporter-output>
          </reporter-output>
        </test-method> <!-- OpenedSession -->
        <test-method status="PASS" signature="InstallApp()[pri:0, instance:NewTest@4fba8eec]" name="InstallApp" is-config="true" duration-ms="1" started-at="2018-07-24T11:16:18Z" finished-at="2018-07-24T11:16:18Z">
          <reporter-output>
          </reporter-output>
        </test-method> <!-- InstallApp -->
      </class> <!-- NewTest -->
    </test> <!-- Default test -->
  </suite> <!-- Default suite -->
</testng-results>
